Arguments: 
  /Users/andremeyer/.nvm/versions/node/v10.5.0/bin/node /Users/andremeyer/.nvm/versions/node/v10.5.0/bin/yarn add https://github.com/trufflesuite/truffle/tree/next/packages/truffle-contract

PATH: 
  /Users/andremeyer/.nvm/versions/node/v10.5.0/bin:/usr/local/bin:/usr/bin:/bin:/usr/sbin:/sbin:/usr/bin/:/bin/:/usr/local/bin:/etc//etc//etc/:/opt/X11/bin:/usr/bin:/bin:/usr/sbin:/sbin

Yarn version: 
  1.7.0

Node version: 
  10.5.0

Platform: 
  darwin x64

Trace: 
  Error: https://github.com/trufflesuite/truffle/tree/next/packages/truffle-contract: Invalid tar header. Maybe the tar is corrupted or it needs to be gunzipped?
      at Object.module.exports.exports.decode (/Users/andremeyer/.nvm/versions/node/v10.5.0/lib/node_modules/yarn/lib/cli.js:77578:43)
      at Extract.onheader (/Users/andremeyer/.nvm/versions/node/v10.5.0/lib/node_modules/yarn/lib/cli.js:146111:39)
      at Extract.module.exports.Extract._write (/Users/andremeyer/.nvm/versions/node/v10.5.0/lib/node_modules/yarn/lib/cli.js:146237:8)
      at doWrite (/Users/andremeyer/.nvm/versions/node/v10.5.0/lib/node_modules/yarn/lib/cli.js:73566:64)
      at writeOrBuffer (/Users/andremeyer/.nvm/versions/node/v10.5.0/lib/node_modules/yarn/lib/cli.js:73555:5)
      at Extract.module.exports.Writable.write (/Users/andremeyer/.nvm/versions/node/v10.5.0/lib/node_modules/yarn/lib/cli.js:73492:11)
      at Duplexify.ondata (/Users/andremeyer/.nvm/versions/node/v10.5.0/lib/node_modules/yarn/lib/cli.js:72640:20)
      at Duplexify.emit (events.js:182:13)
      at readableAddChunk (/Users/andremeyer/.nvm/versions/node/v10.5.0/lib/node_modules/yarn/lib/cli.js:72311:18)
      at Duplexify.module.exports.Readable.push (/Users/andremeyer/.nvm/versions/node/v10.5.0/lib/node_modules/yarn/lib/cli.js:72270:10)

npm manifest: 
  {
    "name": "place-eth",
    "version": "1.0.0",
    "description": "",
    "main": "index.js",
    "scripts": {
      "start": "NODE_ENV=development ./node_modules/.bin/webpack-dev-server --host 0.0.0.0 --client-log-level info --progress --hot --config webpack.config.js",
      "build": "NODE_ENV=production ./node_modules/.bin/webpack -p",
      "debug": "./node_modules/.bin/truffle debug",
      "migrate": "./node_modules/.bin/truffle migrate --reset --network development",
      "test": "./node_modules/.bin/truffle test --reset --network development",
      "ganache": "./node_modules/.bin/ganache-cli -d --hostname 127.0.0.1 -p 8545"
    },
    "keywords": [],
    "author": "",
    "license": "ISC",
    "dependencies": {
      "@babel/polyfill": "^7.0.0-beta.51",
      "darq-truffle": "^4.1.4-next.10",
      "ganache-cli": "^6.1.4",
      "react": "^16.4.1",
      "react-dom": "^16.4.1",
      "truffle": "^4.1.13",
      "truffle-hdwallet-provider": "0.0.3",
      "web3": "^1.0.0-beta.34"
    },
    "devDependencies": {
      "@babel/cli": "^7.0.0-beta.51",
      "@babel/core": "^7.0.0-beta.51",
      "@babel/preset-env": "^7.0.0-beta.51",
      "@babel/preset-react": "^7.0.0-beta.51",
      "@babel/preset-stage-0": "^7.0.0-beta.51",
      "babel-loader": "^8.0.0-beta.4",
      "case-sensitive-paths-webpack-plugin": "^2.1.2",
      "classnames": "^2.2.6",
      "css-loader": "^0.28.11",
      "file-loader": "^1.1.11",
      "html-webpack-plugin": "^3.2.0",
      "react-hot-loader": "^4.3.3",
      "style-loader": "^0.21.0",
      "webpack": "^4.14.0",
      "webpack-cli": "^3.0.8",
      "webpack-dev-server": "^3.1.4"
    }
  }

yarn manifest: 
  No manifest

Lockfile: 
  No lockfile
